2014-06-23 18:01:13,036 [Worker-3] INFO  o.e.m.c.i.l.LifecycleMappingFactory - Using org.maven.ide.eclipse.wtp.WarLifecycleMapping lifecycle mapping for MavenProject: com.NHNENTER:ToastRookie:1.0.0-BUILD-SNAPSHOT @ /Users/Kunyoung/Desktop/NHN/Pretest/PretestServer/pom.xml.
2014-06-23 18:01:15,518 [Worker-3] WARN  o.e.m.c.i.embedder.EclipseLogger - Using platform encoding (US-ASCII actually) to copy filtered resources, i.e. build is platform dependent!
2014-06-23 18:01:15,526 [Worker-3] INFO  o.e.m.c.i.embedder.EclipseLogger - Copying 1 resource
2014-06-23 18:01:15,546 [Worker-3] WARN  o.e.m.c.i.embedder.EclipseLogger - Using platform encoding (US-ASCII actually) to copy filtered resources, i.e. build is platform dependent!
2014-06-23 18:01:15,547 [Worker-3] INFO  o.e.m.c.i.embedder.EclipseLogger - Copying 1 resource
2014-06-23 18:01:16,282 [Worker-1] INFO  o.e.m.c.i.l.LifecycleMappingFactory - Using org.maven.ide.eclipse.wtp.WarLifecycleMapping lifecycle mapping for MavenProject: com.NHNENTER:ToastRookie:1.0.0-BUILD-SNAPSHOT @ /Users/Kunyoung/Desktop/NHN/Pretest/PretestServer/pom.xml.
2014-06-23 18:01:22,421 [Worker-7] WARN  o.e.m.c.i.embedder.EclipseLogger - Using platform encoding (US-ASCII actually) to copy filtered resources, i.e. build is platform dependent!
2014-06-23 18:01:22,450 [Worker-7] INFO  o.e.m.c.i.embedder.EclipseLogger - Copying 1 resource
2014-06-23 18:01:22,463 [Worker-7] WARN  o.e.m.c.i.embedder.EclipseLogger - Using platform encoding (US-ASCII actually) to copy filtered resources, i.e. build is platform dependent!
2014-06-23 18:01:22,465 [Worker-7] INFO  o.e.m.c.i.embedder.EclipseLogger - Copying 1 resource
2014-06-23 18:26:35,605 [Worker-17] INFO  c.n.h.c.p.n.NettyAsyncHttpProvider - Number of application's worked threads is 8
2014-06-23 18:26:36,397 [New I/O client worker #1-1] INFO  o.e.m.c.i.e.AbstractTransferListenerAdapter - Downloading http://repo.maven.apache.org/maven2/org/springframework/spring-webmvc/3.1.1.RELEASE/spring-webmvc-3.1.1.RELEASE-sources.jar
2014-06-23 18:26:38,659 [New I/O client worker #1-1] INFO  o.e.m.c.i.e.AbstractTransferListenerAdapter - Downloaded http://repo.maven.apache.org/maven2/org/springframework/spring-webmvc/3.1.1.RELEASE/spring-webmvc-3.1.1.RELEASE-sources.jar
2014-06-23 18:26:39,319 [Worker-17] INFO  o.e.m.j.internal.DownloadSourcesJob - Downloaded sources for org.springframework:spring-webmvc:3.1.1.RELEASE
2014-06-23 18:26:39,492 [Worker-23] WARN  o.e.m.c.i.embedder.EclipseLogger - Using platform encoding (US-ASCII actually) to copy filtered resources, i.e. build is platform dependent!
2014-06-23 18:26:39,493 [Worker-23] INFO  o.e.m.c.i.embedder.EclipseLogger - Copying 0 resource
2014-06-23 18:26:39,495 [Worker-23] WARN  o.e.m.c.i.embedder.EclipseLogger - Using platform encoding (US-ASCII actually) to copy filtered resources, i.e. build is platform dependent!
2014-06-23 18:26:39,496 [Worker-23] INFO  o.e.m.c.i.embedder.EclipseLogger - Copying 0 resource
2014-06-24 18:14:01,832 [Worker-10] WARN  o.e.m.c.i.embedder.EclipseLogger - Using platform encoding (US-ASCII actually) to copy filtered resources, i.e. build is platform dependent!
2014-06-24 18:14:01,861 [Worker-10] INFO  o.e.m.c.i.embedder.EclipseLogger - Copying 1 resource
2014-06-24 18:14:01,878 [Worker-10] WARN  o.e.m.c.i.embedder.EclipseLogger - Using platform encoding (US-ASCII actually) to copy filtered resources, i.e. build is platform dependent!
2014-06-24 18:14:01,880 [Worker-10] INFO  o.e.m.c.i.embedder.EclipseLogger - Copying 1 resource
2014-06-24 18:23:43,022 [Worker-17] WARN  o.e.m.c.i.embedder.EclipseLogger - Using platform encoding (US-ASCII actually) to copy filtered resources, i.e. build is platform dependent!
2014-06-24 18:23:43,028 [Worker-17] INFO  o.e.m.c.i.embedder.EclipseLogger - Copying 1 resource
2014-06-24 18:23:43,030 [Worker-17] WARN  o.e.m.c.i.embedder.EclipseLogger - Using platform encoding (US-ASCII actually) to copy filtered resources, i.e. build is platform dependent!
2014-06-24 18:23:43,031 [Worker-17] INFO  o.e.m.c.i.embedder.EclipseLogger - Copying 0 resource
2014-06-24 18:23:54,523 [Worker-16] WARN  o.e.m.c.i.embedder.EclipseLogger - Using platform encoding (US-ASCII actually) to copy filtered resources, i.e. build is platform dependent!
2014-06-24 18:23:54,525 [Worker-16] INFO  o.e.m.c.i.embedder.EclipseLogger - Copying 1 resource
2014-06-24 18:23:54,527 [Worker-16] WARN  o.e.m.c.i.embedder.EclipseLogger - Using platform encoding (US-ASCII actually) to copy filtered resources, i.e. build is platform dependent!
2014-06-24 18:23:54,528 [Worker-16] INFO  o.e.m.c.i.embedder.EclipseLogger - Copying 0 resource
2014-06-24 18:24:30,627 [Worker-18] WARN  o.e.m.c.i.embedder.EclipseLogger - Using platform encoding (US-ASCII actually) to copy filtered resources, i.e. build is platform dependent!
2014-06-24 18:24:30,629 [Worker-18] INFO  o.e.m.c.i.embedder.EclipseLogger - Copying 1 resource
2014-06-24 18:24:30,631 [Worker-18] WARN  o.e.m.c.i.embedder.EclipseLogger - Using platform encoding (US-ASCII actually) to copy filtered resources, i.e. build is platform dependent!
2014-06-24 18:24:30,634 [Worker-18] INFO  o.e.m.c.i.embedder.EclipseLogger - Copying 0 resource
2014-06-24 18:24:42,416 [Worker-17] WARN  o.e.m.c.i.embedder.EclipseLogger - Using platform encoding (US-ASCII actually) to copy filtered resources, i.e. build is platform dependent!
2014-06-24 18:24:42,418 [Worker-17] INFO  o.e.m.c.i.embedder.EclipseLogger - Copying 1 resource
2014-06-24 18:24:42,421 [Worker-17] WARN  o.e.m.c.i.embedder.EclipseLogger - Using platform encoding (US-ASCII actually) to copy filtered resources, i.e. build is platform dependent!
2014-06-24 18:24:42,422 [Worker-17] INFO  o.e.m.c.i.embedder.EclipseLogger - Copying 0 resource
2014-06-24 18:24:43,479 [Worker-19] WARN  o.e.m.c.i.embedder.EclipseLogger - Using platform encoding (US-ASCII actually) to copy filtered resources, i.e. build is platform dependent!
2014-06-24 18:24:43,480 [Worker-19] INFO  o.e.m.c.i.embedder.EclipseLogger - Copying 1 resource
2014-06-24 18:24:43,481 [Worker-19] WARN  o.e.m.c.i.embedder.EclipseLogger - Using platform encoding (US-ASCII actually) to copy filtered resources, i.e. build is platform dependent!
2014-06-24 18:24:43,482 [Worker-19] INFO  o.e.m.c.i.embedder.EclipseLogger - Copying 0 resource
2014-06-24 18:27:44,059 [Worker-14] INFO  o.e.m.c.i.l.LifecycleMappingFactory - Using org.maven.ide.eclipse.wtp.WarLifecycleMapping lifecycle mapping for MavenProject: com.NHNENTER:ToastRookie:1.0.0-BUILD-SNAPSHOT @ /Users/Kunyoung/Desktop/NHN/Pretest/PretestServer/pom.xml.
2014-06-24 18:27:44,489 [Worker-14] WARN  o.e.m.c.i.embedder.EclipseLogger - Using platform encoding (US-ASCII actually) to copy filtered resources, i.e. build is platform dependent!
2014-06-24 18:27:44,490 [Worker-14] INFO  o.e.m.c.i.embedder.EclipseLogger - Copying 0 resource
2014-06-24 18:27:44,493 [Worker-14] WARN  o.e.m.c.i.embedder.EclipseLogger - Using platform encoding (US-ASCII actually) to copy filtered resources, i.e. build is platform dependent!
2014-06-24 18:27:44,493 [Worker-14] INFO  o.e.m.c.i.embedder.EclipseLogger - Copying 0 resource
2014-06-24 18:27:51,818 [Worker-21] INFO  o.e.m.c.i.l.LifecycleMappingFactory - Using org.maven.ide.eclipse.wtp.WarLifecycleMapping lifecycle mapping for MavenProject: com.NHNENTER:ToastRookie:1.0.0-BUILD-SNAPSHOT @ /Users/Kunyoung/Desktop/NHN/Pretest/PretestServer/pom.xml.
2014-06-24 18:27:52,031 [Worker-21] WARN  o.e.m.c.i.embedder.EclipseLogger - Using platform encoding (US-ASCII actually) to copy filtered resources, i.e. build is platform dependent!
2014-06-24 18:27:52,031 [Worker-21] INFO  o.e.m.c.i.embedder.EclipseLogger - Copying 0 resource
2014-06-24 18:27:52,035 [Worker-21] WARN  o.e.m.c.i.embedder.EclipseLogger - Using platform encoding (US-ASCII actually) to copy filtered resources, i.e. build is platform dependent!
2014-06-24 18:27:52,036 [Worker-21] INFO  o.e.m.c.i.embedder.EclipseLogger - Copying 0 resource
2014-06-24 18:29:59,962 [Worker-14] WARN  o.e.m.c.i.embedder.EclipseLogger - Using platform encoding (US-ASCII actually) to copy filtered resources, i.e. build is platform dependent!
2014-06-24 18:29:59,963 [Worker-14] INFO  o.e.m.c.i.embedder.EclipseLogger - Copying 0 resource
2014-06-24 18:29:59,965 [Worker-14] WARN  o.e.m.c.i.embedder.EclipseLogger - Using platform encoding (US-ASCII actually) to copy filtered resources, i.e. build is platform dependent!
2014-06-24 18:29:59,966 [Worker-14] INFO  o.e.m.c.i.embedder.EclipseLogger - Copying 0 resource
2014-06-24 18:30:16,516 [Worker-15] WARN  o.e.m.c.i.embedder.EclipseLogger - Using platform encoding (US-ASCII actually) to copy filtered resources, i.e. build is platform dependent!
2014-06-24 18:30:16,517 [Worker-15] INFO  o.e.m.c.i.embedder.EclipseLogger - Copying 0 resource
2014-06-24 18:30:16,519 [Worker-15] WARN  o.e.m.c.i.embedder.EclipseLogger - Using platform encoding (US-ASCII actually) to copy filtered resources, i.e. build is platform dependent!
2014-06-24 18:30:16,519 [Worker-15] INFO  o.e.m.c.i.embedder.EclipseLogger - Copying 0 resource
2014-06-24 18:32:15,791 [Worker-22] WARN  o.e.m.c.i.embedder.EclipseLogger - Using platform encoding (US-ASCII actually) to copy filtered resources, i.e. build is platform dependent!
2014-06-24 18:32:15,792 [Worker-22] INFO  o.e.m.c.i.embedder.EclipseLogger - Copying 0 resource
2014-06-24 18:32:15,794 [Worker-22] WARN  o.e.m.c.i.embedder.EclipseLogger - Using platform encoding (US-ASCII actually) to copy filtered resources, i.e. build is platform dependent!
2014-06-24 18:32:15,795 [Worker-22] INFO  o.e.m.c.i.embedder.EclipseLogger - Copying 0 resource
2014-06-24 18:33:42,317 [Worker-22] WARN  o.e.m.c.i.embedder.EclipseLogger - Using platform encoding (US-ASCII actually) to copy filtered resources, i.e. build is platform dependent!
2014-06-24 18:33:42,318 [Worker-22] INFO  o.e.m.c.i.embedder.EclipseLogger - Copying 0 resource
2014-06-24 18:33:42,320 [Worker-22] WARN  o.e.m.c.i.embedder.EclipseLogger - Using platform encoding (US-ASCII actually) to copy filtered resources, i.e. build is platform dependent!
2014-06-24 18:33:42,324 [Worker-22] INFO  o.e.m.c.i.embedder.EclipseLogger - Copying 0 resource
2014-06-24 18:33:49,928 [Worker-21] WARN  o.e.m.c.i.embedder.EclipseLogger - Using platform encoding (US-ASCII actually) to copy filtered resources, i.e. build is platform dependent!
2014-06-24 18:33:49,929 [Worker-21] INFO  o.e.m.c.i.embedder.EclipseLogger - Copying 0 resource
2014-06-24 18:33:49,932 [Worker-21] WARN  o.e.m.c.i.embedder.EclipseLogger - Using platform encoding (US-ASCII actually) to copy filtered resources, i.e. build is platform dependent!
2014-06-24 18:33:49,933 [Worker-21] INFO  o.e.m.c.i.embedder.EclipseLogger - Copying 0 resource
2014-06-24 18:35:11,754 [Worker-24] WARN  o.e.m.c.i.embedder.EclipseLogger - Using platform encoding (US-ASCII actually) to copy filtered resources, i.e. build is platform dependent!
2014-06-24 18:35:11,755 [Worker-24] INFO  o.e.m.c.i.embedder.EclipseLogger - Copying 0 resource
2014-06-24 18:35:11,758 [Worker-24] WARN  o.e.m.c.i.embedder.EclipseLogger - Using platform encoding (US-ASCII actually) to copy filtered resources, i.e. build is platform dependent!
2014-06-24 18:35:11,758 [Worker-24] INFO  o.e.m.c.i.embedder.EclipseLogger - Copying 0 resource
2014-06-24 18:35:36,846 [Worker-25] WARN  o.e.m.c.i.embedder.EclipseLogger - Using platform encoding (US-ASCII actually) to copy filtered resources, i.e. build is platform dependent!
2014-06-24 18:35:36,846 [Worker-25] INFO  o.e.m.c.i.embedder.EclipseLogger - Copying 0 resource
2014-06-24 18:35:36,849 [Worker-25] WARN  o.e.m.c.i.embedder.EclipseLogger - Using platform encoding (US-ASCII actually) to copy filtered resources, i.e. build is platform dependent!
2014-06-24 18:35:36,849 [Worker-25] INFO  o.e.m.c.i.embedder.EclipseLogger - Copying 0 resource
2014-06-24 18:37:51,916 [Worker-14] WARN  o.e.m.c.i.embedder.EclipseLogger - Using platform encoding (US-ASCII actually) to copy filtered resources, i.e. build is platform dependent!
2014-06-24 18:37:51,917 [Worker-14] INFO  o.e.m.c.i.embedder.EclipseLogger - Copying 0 resource
2014-06-24 18:37:51,922 [Worker-14] WARN  o.e.m.c.i.embedder.EclipseLogger - Using platform encoding (US-ASCII actually) to copy filtered resources, i.e. build is platform dependent!
2014-06-24 18:37:51,923 [Worker-14] INFO  o.e.m.c.i.embedder.EclipseLogger - Copying 0 resource
2014-06-24 18:53:59,813 [Worker-30] WARN  o.e.m.c.i.embedder.EclipseLogger - Using platform encoding (US-ASCII actually) to copy filtered resources, i.e. build is platform dependent!
2014-06-24 18:53:59,815 [Worker-30] INFO  o.e.m.c.i.embedder.EclipseLogger - Copying 1 resource
2014-06-24 18:53:59,817 [Worker-30] WARN  o.e.m.c.i.embedder.EclipseLogger - Using platform encoding (US-ASCII actually) to copy filtered resources, i.e. build is platform dependent!
2014-06-24 18:53:59,820 [Worker-30] INFO  o.e.m.c.i.embedder.EclipseLogger - Copying 0 resource
2014-06-24 18:54:12,156 [Worker-31] WARN  o.e.m.c.i.embedder.EclipseLogger - Using platform encoding (US-ASCII actually) to copy filtered resources, i.e. build is platform dependent!
2014-06-24 18:54:12,158 [Worker-31] INFO  o.e.m.c.i.embedder.EclipseLogger - Copying 1 resource
2014-06-24 18:54:12,159 [Worker-31] WARN  o.e.m.c.i.embedder.EclipseLogger - Using platform encoding (US-ASCII actually) to copy filtered resources, i.e. build is platform dependent!
2014-06-24 18:54:12,163 [Worker-31] INFO  o.e.m.c.i.embedder.EclipseLogger - Copying 0 resource
2014-06-24 18:54:15,795 [Worker-29] WARN  o.e.m.c.i.embedder.EclipseLogger - Using platform encoding (US-ASCII actually) to copy filtered resources, i.e. build is platform dependent!
2014-06-24 18:54:15,796 [Worker-29] INFO  o.e.m.c.i.embedder.EclipseLogger - Copying 1 resource
2014-06-24 18:54:15,798 [Worker-29] WARN  o.e.m.c.i.embedder.EclipseLogger - Using platform encoding (US-ASCII actually) to copy filtered resources, i.e. build is platform dependent!
2014-06-24 18:54:15,798 [Worker-29] INFO  o.e.m.c.i.embedder.EclipseLogger - Copying 0 resource
2014-06-24 18:55:04,504 [Worker-31] WARN  o.e.m.c.i.embedder.EclipseLogger - Using platform encoding (US-ASCII actually) to copy filtered resources, i.e. build is platform dependent!
2014-06-24 18:55:04,505 [Worker-31] INFO  o.e.m.c.i.embedder.EclipseLogger - Copying 1 resource
2014-06-24 18:55:04,506 [Worker-31] WARN  o.e.m.c.i.embedder.EclipseLogger - Using platform encoding (US-ASCII actually) to copy filtered resources, i.e. build is platform dependent!
2014-06-24 18:55:04,507 [Worker-31] INFO  o.e.m.c.i.embedder.EclipseLogger - Copying 0 resource
2014-06-24 18:55:15,700 [Worker-29] WARN  o.e.m.c.i.embedder.EclipseLogger - Using platform encoding (US-ASCII actually) to copy filtered resources, i.e. build is platform dependent!
2014-06-24 18:55:15,702 [Worker-29] INFO  o.e.m.c.i.embedder.EclipseLogger - Copying 1 resource
2014-06-24 18:55:15,704 [Worker-29] WARN  o.e.m.c.i.embedder.EclipseLogger - Using platform encoding (US-ASCII actually) to copy filtered resources, i.e. build is platform dependent!
2014-06-24 18:55:15,707 [Worker-29] INFO  o.e.m.c.i.embedder.EclipseLogger - Copying 0 resource
2014-06-24 18:55:42,730 [Worker-29] WARN  o.e.m.c.i.embedder.EclipseLogger - Using platform encoding (US-ASCII actually) to copy filtered resources, i.e. build is platform dependent!
2014-06-24 18:55:42,731 [Worker-29] INFO  o.e.m.c.i.embedder.EclipseLogger - Copying 1 resource
2014-06-24 18:55:42,732 [Worker-29] WARN  o.e.m.c.i.embedder.EclipseLogger - Using platform encoding (US-ASCII actually) to copy filtered resources, i.e. build is platform dependent!
2014-06-24 18:55:42,733 [Worker-29] INFO  o.e.m.c.i.embedder.EclipseLogger - Copying 0 resource
2014-06-24 18:55:49,179 [Worker-29] WARN  o.e.m.c.i.embedder.EclipseLogger - Using platform encoding (US-ASCII actually) to copy filtered resources, i.e. build is platform dependent!
2014-06-24 18:55:49,181 [Worker-29] INFO  o.e.m.c.i.embedder.EclipseLogger - Copying 1 resource
2014-06-24 18:55:49,183 [Worker-29] WARN  o.e.m.c.i.embedder.EclipseLogger - Using platform encoding (US-ASCII actually) to copy filtered resources, i.e. build is platform dependent!
2014-06-24 18:55:49,186 [Worker-29] INFO  o.e.m.c.i.embedder.EclipseLogger - Copying 0 resource
2014-06-24 18:56:06,072 [Worker-32] WARN  o.e.m.c.i.embedder.EclipseLogger - Using platform encoding (US-ASCII actually) to copy filtered resources, i.e. build is platform dependent!
2014-06-24 18:56:06,073 [Worker-32] INFO  o.e.m.c.i.embedder.EclipseLogger - Copying 1 resource
2014-06-24 18:56:06,074 [Worker-32] WARN  o.e.m.c.i.embedder.EclipseLogger - Using platform encoding (US-ASCII actually) to copy filtered resources, i.e. build is platform dependent!
2014-06-24 18:56:06,075 [Worker-32] INFO  o.e.m.c.i.embedder.EclipseLogger - Copying 0 resource
2014-06-24 18:56:48,911 [Worker-31] WARN  o.e.m.c.i.embedder.EclipseLogger - Using platform encoding (US-ASCII actually) to copy filtered resources, i.e. build is platform dependent!
2014-06-24 18:56:48,912 [Worker-31] INFO  o.e.m.c.i.embedder.EclipseLogger - Copying 1 resource
2014-06-24 18:56:48,914 [Worker-31] WARN  o.e.m.c.i.embedder.EclipseLogger - Using platform encoding (US-ASCII actually) to copy filtered resources, i.e. build is platform dependent!
2014-06-24 18:56:48,914 [Worker-31] INFO  o.e.m.c.i.embedder.EclipseLogger - Copying 0 resource
2014-06-24 18:56:57,854 [Worker-32] WARN  o.e.m.c.i.embedder.EclipseLogger - Using platform encoding (US-ASCII actually) to copy filtered resources, i.e. build is platform dependent!
2014-06-24 18:56:57,856 [Worker-32] INFO  o.e.m.c.i.embedder.EclipseLogger - Copying 1 resource
2014-06-24 18:56:57,858 [Worker-32] WARN  o.e.m.c.i.embedder.EclipseLogger - Using platform encoding (US-ASCII actually) to copy filtered resources, i.e. build is platform dependent!
2014-06-24 18:56:57,863 [Worker-32] INFO  o.e.m.c.i.embedder.EclipseLogger - Copying 0 resource
2014-06-24 19:00:07,983 [Worker-26] WARN  o.e.m.c.i.embedder.EclipseLogger - Using platform encoding (US-ASCII actually) to copy filtered resources, i.e. build is platform dependent!
2014-06-24 19:00:07,984 [Worker-26] INFO  o.e.m.c.i.embedder.EclipseLogger - Copying 0 resource
2014-06-24 19:00:07,986 [Worker-26] WARN  o.e.m.c.i.embedder.EclipseLogger - Using platform encoding (US-ASCII actually) to copy filtered resources, i.e. build is platform dependent!
2014-06-24 19:00:07,987 [Worker-26] INFO  o.e.m.c.i.embedder.EclipseLogger - Copying 0 resource
2014-06-24 19:00:13,849 [Worker-34] WARN  o.e.m.c.i.embedder.EclipseLogger - Using platform encoding (US-ASCII actually) to copy filtered resources, i.e. build is platform dependent!
2014-06-24 19:00:13,850 [Worker-34] INFO  o.e.m.c.i.embedder.EclipseLogger - Copying 0 resource
2014-06-24 19:00:13,852 [Worker-34] WARN  o.e.m.c.i.embedder.EclipseLogger - Using platform encoding (US-ASCII actually) to copy filtered resources, i.e. build is platform dependent!
2014-06-24 19:00:13,853 [Worker-34] INFO  o.e.m.c.i.embedder.EclipseLogger - Copying 0 resource
2014-06-24 19:03:40,178 [Worker-35] WARN  o.e.m.c.i.embedder.EclipseLogger - Using platform encoding (US-ASCII actually) to copy filtered resources, i.e. build is platform dependent!
2014-06-24 19:03:40,179 [Worker-35] INFO  o.e.m.c.i.embedder.EclipseLogger - Copying 0 resource
2014-06-24 19:03:40,183 [Worker-35] WARN  o.e.m.c.i.embedder.EclipseLogger - Using platform encoding (US-ASCII actually) to copy filtered resources, i.e. build is platform dependent!
2014-06-24 19:03:40,184 [Worker-35] INFO  o.e.m.c.i.embedder.EclipseLogger - Copying 0 resource
2014-06-24 19:03:57,087 [Worker-35] WARN  o.e.m.c.i.embedder.EclipseLogger - Using platform encoding (US-ASCII actually) to copy filtered resources, i.e. build is platform dependent!
2014-06-24 19:03:57,088 [Worker-35] INFO  o.e.m.c.i.embedder.EclipseLogger - Copying 0 resource
2014-06-24 19:03:57,091 [Worker-35] WARN  o.e.m.c.i.embedder.EclipseLogger - Using platform encoding (US-ASCII actually) to copy filtered resources, i.e. build is platform dependent!
2014-06-24 19:03:57,092 [Worker-35] INFO  o.e.m.c.i.embedder.EclipseLogger - Copying 0 resource
2014-06-24 19:04:17,633 [Worker-36] WARN  o.e.m.c.i.embedder.EclipseLogger - Using platform encoding (US-ASCII actually) to copy filtered resources, i.e. build is platform dependent!
2014-06-24 19:04:17,634 [Worker-36] INFO  o.e.m.c.i.embedder.EclipseLogger - Copying 0 resource
2014-06-24 19:04:17,636 [Worker-36] WARN  o.e.m.c.i.embedder.EclipseLogger - Using platform encoding (US-ASCII actually) to copy filtered resources, i.e. build is platform dependent!
2014-06-24 19:04:17,637 [Worker-36] INFO  o.e.m.c.i.embedder.EclipseLogger - Copying 0 resource
2014-06-24 19:04:27,390 [Worker-35] WARN  o.e.m.c.i.embedder.EclipseLogger - Using platform encoding (US-ASCII actually) to copy filtered resources, i.e. build is platform dependent!
2014-06-24 19:04:27,392 [Worker-35] INFO  o.e.m.c.i.embedder.EclipseLogger - Copying 1 resource
2014-06-24 19:04:27,394 [Worker-35] WARN  o.e.m.c.i.embedder.EclipseLogger - Using platform encoding (US-ASCII actually) to copy filtered resources, i.e. build is platform dependent!
2014-06-24 19:04:27,398 [Worker-35] INFO  o.e.m.c.i.embedder.EclipseLogger - Copying 0 resource
2014-06-24 19:06:24,624 [Worker-30] WARN  o.e.m.c.i.embedder.EclipseLogger - Using platform encoding (US-ASCII actually) to copy filtered resources, i.e. build is platform dependent!
2014-06-24 19:06:24,626 [Worker-30] INFO  o.e.m.c.i.embedder.EclipseLogger - Copying 1 resource
2014-06-24 19:06:24,631 [Worker-30] WARN  o.e.m.c.i.embedder.EclipseLogger - Using platform encoding (US-ASCII actually) to copy filtered resources, i.e. build is platform dependent!
2014-06-24 19:06:24,632 [Worker-30] INFO  o.e.m.c.i.embedder.EclipseLogger - Copying 0 resource
2014-06-24 19:10:51,780 [Worker-37] WARN  o.e.m.c.i.embedder.EclipseLogger - Using platform encoding (US-ASCII actually) to copy filtered resources, i.e. build is platform dependent!
2014-06-24 19:10:51,782 [Worker-37] INFO  o.e.m.c.i.embedder.EclipseLogger - Copying 0 resource
2014-06-24 19:10:51,784 [Worker-37] WARN  o.e.m.c.i.embedder.EclipseLogger - Using platform encoding (US-ASCII actually) to copy filtered resources, i.e. build is platform dependent!
2014-06-24 19:10:51,786 [Worker-37] INFO  o.e.m.c.i.embedder.EclipseLogger - Copying 0 resource
2014-06-24 19:16:33,534 [Worker-38] WARN  o.e.m.c.i.embedder.EclipseLogger - Using platform encoding (US-ASCII actually) to copy filtered resources, i.e. build is platform dependent!
2014-06-24 19:16:33,536 [Worker-38] INFO  o.e.m.c.i.embedder.EclipseLogger - Copying 1 resource
2014-06-24 19:16:33,538 [Worker-38] WARN  o.e.m.c.i.embedder.EclipseLogger - Using platform encoding (US-ASCII actually) to copy filtered resources, i.e. build is platform dependent!
2014-06-24 19:16:33,541 [Worker-38] INFO  o.e.m.c.i.embedder.EclipseLogger - Copying 0 resource
2014-06-24 19:21:44,667 [Worker-38] WARN  o.e.m.c.i.embedder.EclipseLogger - Using platform encoding (US-ASCII actually) to copy filtered resources, i.e. build is platform dependent!
2014-06-24 19:21:44,670 [Worker-38] INFO  o.e.m.c.i.embedder.EclipseLogger - Copying 1 resource
2014-06-24 19:21:44,672 [Worker-38] WARN  o.e.m.c.i.embedder.EclipseLogger - Using platform encoding (US-ASCII actually) to copy filtered resources, i.e. build is platform dependent!
2014-06-24 19:21:44,674 [Worker-38] INFO  o.e.m.c.i.embedder.EclipseLogger - Copying 0 resource
2014-06-24 19:25:16,325 [Worker-38] WARN  o.e.m.c.i.embedder.EclipseLogger - Using platform encoding (US-ASCII actually) to copy filtered resources, i.e. build is platform dependent!
2014-06-24 19:25:16,325 [Worker-38] INFO  o.e.m.c.i.embedder.EclipseLogger - Copying 0 resource
2014-06-24 19:25:16,327 [Worker-38] WARN  o.e.m.c.i.embedder.EclipseLogger - Using platform encoding (US-ASCII actually) to copy filtered resources, i.e. build is platform dependent!
2014-06-24 19:25:16,327 [Worker-38] INFO  o.e.m.c.i.embedder.EclipseLogger - Copying 0 resource
2014-06-24 19:25:19,773 [Worker-42] WARN  o.e.m.c.i.embedder.EclipseLogger - Using platform encoding (US-ASCII actually) to copy filtered resources, i.e. build is platform dependent!
2014-06-24 19:25:19,774 [Worker-42] INFO  o.e.m.c.i.embedder.EclipseLogger - Copying 0 resource
2014-06-24 19:25:19,775 [Worker-42] WARN  o.e.m.c.i.embedder.EclipseLogger - Using platform encoding (US-ASCII actually) to copy filtered resources, i.e. build is platform dependent!
2014-06-24 19:25:19,776 [Worker-42] INFO  o.e.m.c.i.embedder.EclipseLogger - Copying 0 resource
2014-06-24 19:25:28,401 [Worker-42] WARN  o.e.m.c.i.embedder.EclipseLogger - Using platform encoding (US-ASCII actually) to copy filtered resources, i.e. build is platform dependent!
2014-06-24 19:25:28,402 [Worker-42] INFO  o.e.m.c.i.embedder.EclipseLogger - Copying 0 resource
2014-06-24 19:25:28,404 [Worker-42] WARN  o.e.m.c.i.embedder.EclipseLogger - Using platform encoding (US-ASCII actually) to copy filtered resources, i.e. build is platform dependent!
2014-06-24 19:25:28,405 [Worker-42] INFO  o.e.m.c.i.embedder.EclipseLogger - Copying 0 resource
2014-06-24 19:29:44,844 [Worker-42] WARN  o.e.m.c.i.embedder.EclipseLogger - Using platform encoding (US-ASCII actually) to copy filtered resources, i.e. build is platform dependent!
2014-06-24 19:29:44,845 [Worker-42] INFO  o.e.m.c.i.embedder.EclipseLogger - Copying 1 resource
2014-06-24 19:29:44,849 [Worker-42] WARN  o.e.m.c.i.embedder.EclipseLogger - Using platform encoding (US-ASCII actually) to copy filtered resources, i.e. build is platform dependent!
2014-06-24 19:29:44,851 [Worker-42] INFO  o.e.m.c.i.embedder.EclipseLogger - Copying 0 resource
2014-06-24 19:30:10,459 [Worker-48] WARN  o.e.m.c.i.embedder.EclipseLogger - Using platform encoding (US-ASCII actually) to copy filtered resources, i.e. build is platform dependent!
2014-06-24 19:30:10,461 [Worker-48] INFO  o.e.m.c.i.embedder.EclipseLogger - Copying 1 resource
2014-06-24 19:30:10,463 [Worker-48] WARN  o.e.m.c.i.embedder.EclipseLogger - Using platform encoding (US-ASCII actually) to copy filtered resources, i.e. build is platform dependent!
2014-06-24 19:30:10,466 [Worker-48] INFO  o.e.m.c.i.embedder.EclipseLogger - Copying 0 resource
2014-06-24 19:30:53,316 [Worker-47] WARN  o.e.m.c.i.embedder.EclipseLogger - Using platform encoding (US-ASCII actually) to copy filtered resources, i.e. build is platform dependent!
2014-06-24 19:30:53,318 [Worker-47] INFO  o.e.m.c.i.embedder.EclipseLogger - Copying 1 resource
2014-06-24 19:30:53,319 [Worker-47] WARN  o.e.m.c.i.embedder.EclipseLogger - Using platform encoding (US-ASCII actually) to copy filtered resources, i.e. build is platform dependent!
2014-06-24 19:30:53,323 [Worker-47] INFO  o.e.m.c.i.embedder.EclipseLogger - Copying 0 resource
2014-06-24 19:30:58,160 [Worker-47] WARN  o.e.m.c.i.embedder.EclipseLogger - Using platform encoding (US-ASCII actually) to copy filtered resources, i.e. build is platform dependent!
2014-06-24 19:30:58,164 [Worker-47] INFO  o.e.m.c.i.embedder.EclipseLogger - Copying 1 resource
2014-06-24 19:30:58,167 [Worker-47] WARN  o.e.m.c.i.embedder.EclipseLogger - Using platform encoding (US-ASCII actually) to copy filtered resources, i.e. build is platform dependent!
2014-06-24 19:30:58,169 [Worker-47] INFO  o.e.m.c.i.embedder.EclipseLogger - Copying 0 resource
2014-06-24 19:31:12,987 [Worker-37] WARN  o.e.m.c.i.embedder.EclipseLogger - Using platform encoding (US-ASCII actually) to copy filtered resources, i.e. build is platform dependent!
2014-06-24 19:31:12,990 [Worker-37] INFO  o.e.m.c.i.embedder.EclipseLogger - Copying 1 resource
2014-06-24 19:31:12,993 [Worker-37] WARN  o.e.m.c.i.embedder.EclipseLogger - Using platform encoding (US-ASCII actually) to copy filtered resources, i.e. build is platform dependent!
2014-06-24 19:31:13,053 [Worker-37] INFO  o.e.m.c.i.embedder.EclipseLogger - Copying 0 resource
2014-06-24 19:32:01,480 [Worker-38] WARN  o.e.m.c.i.embedder.EclipseLogger - Using platform encoding (US-ASCII actually) to copy filtered resources, i.e. build is platform dependent!
2014-06-24 19:32:01,482 [Worker-38] INFO  o.e.m.c.i.embedder.EclipseLogger - Copying 1 resource
2014-06-24 19:32:01,484 [Worker-38] WARN  o.e.m.c.i.embedder.EclipseLogger - Using platform encoding (US-ASCII actually) to copy filtered resources, i.e. build is platform dependent!
2014-06-24 19:32:01,487 [Worker-38] INFO  o.e.m.c.i.embedder.EclipseLogger - Copying 0 resource
2014-06-24 19:32:04,400 [Worker-47] WARN  o.e.m.c.i.embedder.EclipseLogger - Using platform encoding (US-ASCII actually) to copy filtered resources, i.e. build is platform dependent!
2014-06-24 19:32:04,402 [Worker-47] INFO  o.e.m.c.i.embedder.EclipseLogger - Copying 1 resource
2014-06-24 19:32:04,406 [Worker-47] WARN  o.e.m.c.i.embedder.EclipseLogger - Using platform encoding (US-ASCII actually) to copy filtered resources, i.e. build is platform dependent!
2014-06-24 19:32:04,407 [Worker-47] INFO  o.e.m.c.i.embedder.EclipseLogger - Copying 0 resource
2014-06-24 19:33:01,048 [Worker-50] WARN  o.e.m.c.i.embedder.EclipseLogger - Using platform encoding (US-ASCII actually) to copy filtered resources, i.e. build is platform dependent!
2014-06-24 19:33:01,050 [Worker-50] INFO  o.e.m.c.i.embedder.EclipseLogger - Copying 1 resource
2014-06-24 19:33:01,052 [Worker-50] WARN  o.e.m.c.i.embedder.EclipseLogger - Using platform encoding (US-ASCII actually) to copy filtered resources, i.e. build is platform dependent!
2014-06-24 19:33:01,055 [Worker-50] INFO  o.e.m.c.i.embedder.EclipseLogger - Copying 0 resource
2014-06-24 19:34:00,271 [Worker-47] WARN  o.e.m.c.i.embedder.EclipseLogger - Using platform encoding (US-ASCII actually) to copy filtered resources, i.e. build is platform dependent!
2014-06-24 19:34:00,272 [Worker-47] INFO  o.e.m.c.i.embedder.EclipseLogger - Copying 1 resource
2014-06-24 19:34:00,273 [Worker-47] WARN  o.e.m.c.i.embedder.EclipseLogger - Using platform encoding (US-ASCII actually) to copy filtered resources, i.e. build is platform dependent!
2014-06-24 19:34:00,278 [Worker-47] INFO  o.e.m.c.i.embedder.EclipseLogger - Copying 0 resource
2014-06-24 19:34:07,293 [Worker-37] WARN  o.e.m.c.i.embedder.EclipseLogger - Using platform encoding (US-ASCII actually) to copy filtered resources, i.e. build is platform dependent!
2014-06-24 19:34:07,295 [Worker-37] INFO  o.e.m.c.i.embedder.EclipseLogger - Copying 1 resource
2014-06-24 19:34:07,296 [Worker-37] WARN  o.e.m.c.i.embedder.EclipseLogger - Using platform encoding (US-ASCII actually) to copy filtered resources, i.e. build is platform dependent!
2014-06-24 19:34:07,297 [Worker-37] INFO  o.e.m.c.i.embedder.EclipseLogger - Copying 0 resource
2014-06-24 19:34:55,348 [Worker-50] WARN  o.e.m.c.i.embedder.EclipseLogger - Using platform encoding (US-ASCII actually) to copy filtered resources, i.e. build is platform dependent!
2014-06-24 19:34:55,350 [Worker-50] INFO  o.e.m.c.i.embedder.EclipseLogger - Copying 1 resource
2014-06-24 19:34:55,352 [Worker-50] WARN  o.e.m.c.i.embedder.EclipseLogger - Using platform encoding (US-ASCII actually) to copy filtered resources, i.e. build is platform dependent!
2014-06-24 19:34:55,355 [Worker-50] INFO  o.e.m.c.i.embedder.EclipseLogger - Copying 0 resource
2014-06-24 19:34:59,754 [Worker-50] WARN  o.e.m.c.i.embedder.EclipseLogger - Using platform encoding (US-ASCII actually) to copy filtered resources, i.e. build is platform dependent!
2014-06-24 19:34:59,755 [Worker-50] INFO  o.e.m.c.i.embedder.EclipseLogger - Copying 1 resource
2014-06-24 19:34:59,756 [Worker-50] WARN  o.e.m.c.i.embedder.EclipseLogger - Using platform encoding (US-ASCII actually) to copy filtered resources, i.e. build is platform dependent!
2014-06-24 19:34:59,757 [Worker-50] INFO  o.e.m.c.i.embedder.EclipseLogger - Copying 0 resource
2014-06-24 19:35:56,929 [Worker-42] WARN  o.e.m.c.i.embedder.EclipseLogger - Using platform encoding (US-ASCII actually) to copy filtered resources, i.e. build is platform dependent!
2014-06-24 19:35:56,930 [Worker-42] INFO  o.e.m.c.i.embedder.EclipseLogger - Copying 1 resource
2014-06-24 19:35:56,931 [Worker-42] WARN  o.e.m.c.i.embedder.EclipseLogger - Using platform encoding (US-ASCII actually) to copy filtered resources, i.e. build is platform dependent!
2014-06-24 19:35:56,936 [Worker-42] INFO  o.e.m.c.i.embedder.EclipseLogger - Copying 0 resource
2014-06-24 19:36:04,697 [Worker-51] WARN  o.e.m.c.i.embedder.EclipseLogger - Using platform encoding (US-ASCII actually) to copy filtered resources, i.e. build is platform dependent!
2014-06-24 19:36:04,699 [Worker-51] INFO  o.e.m.c.i.embedder.EclipseLogger - Copying 1 resource
2014-06-24 19:36:04,701 [Worker-51] WARN  o.e.m.c.i.embedder.EclipseLogger - Using platform encoding (US-ASCII actually) to copy filtered resources, i.e. build is platform dependent!
2014-06-24 19:36:04,701 [Worker-51] INFO  o.e.m.c.i.embedder.EclipseLogger - Copying 0 resource
2014-06-24 19:36:09,422 [Worker-38] WARN  o.e.m.c.i.embedder.EclipseLogger - Using platform encoding (US-ASCII actually) to copy filtered resources, i.e. build is platform dependent!
2014-06-24 19:36:09,422 [Worker-38] INFO  o.e.m.c.i.embedder.EclipseLogger - Copying 1 resource
2014-06-24 19:36:09,424 [Worker-38] WARN  o.e.m.c.i.embedder.EclipseLogger - Using platform encoding (US-ASCII actually) to copy filtered resources, i.e. build is platform dependent!
2014-06-24 19:36:09,429 [Worker-38] INFO  o.e.m.c.i.embedder.EclipseLogger - Copying 0 resource
2014-06-24 19:36:14,772 [Worker-37] WARN  o.e.m.c.i.embedder.EclipseLogger - Using platform encoding (US-ASCII actually) to copy filtered resources, i.e. build is platform dependent!
2014-06-24 19:36:14,773 [Worker-37] INFO  o.e.m.c.i.embedder.EclipseLogger - Copying 1 resource
2014-06-24 19:36:14,779 [Worker-37] WARN  o.e.m.c.i.embedder.EclipseLogger - Using platform encoding (US-ASCII actually) to copy filtered resources, i.e. build is platform dependent!
2014-06-24 19:36:14,780 [Worker-37] INFO  o.e.m.c.i.embedder.EclipseLogger - Copying 0 resource
2014-06-24 19:36:46,678 [Worker-48] WARN  o.e.m.c.i.embedder.EclipseLogger - Using platform encoding (US-ASCII actually) to copy filtered resources, i.e. build is platform dependent!
2014-06-24 19:36:46,679 [Worker-48] INFO  o.e.m.c.i.embedder.EclipseLogger - Copying 1 resource
2014-06-24 19:36:46,681 [Worker-48] WARN  o.e.m.c.i.embedder.EclipseLogger - Using platform encoding (US-ASCII actually) to copy filtered resources, i.e. build is platform dependent!
2014-06-24 19:36:46,686 [Worker-48] INFO  o.e.m.c.i.embedder.EclipseLogger - Copying 0 resource
2014-06-24 19:36:47,727 [Worker-37] WARN  o.e.m.c.i.embedder.EclipseLogger - Using platform encoding (US-ASCII actually) to copy filtered resources, i.e. build is platform dependent!
2014-06-24 19:36:47,729 [Worker-37] INFO  o.e.m.c.i.embedder.EclipseLogger - Copying 1 resource
2014-06-24 19:36:47,732 [Worker-37] WARN  o.e.m.c.i.embedder.EclipseLogger - Using platform encoding (US-ASCII actually) to copy filtered resources, i.e. build is platform dependent!
2014-06-24 19:36:47,733 [Worker-37] INFO  o.e.m.c.i.embedder.EclipseLogger - Copying 0 resource
2014-06-24 19:36:48,767 [Worker-49] WARN  o.e.m.c.i.embedder.EclipseLogger - Using platform encoding (US-ASCII actually) to copy filtered resources, i.e. build is platform dependent!
2014-06-24 19:36:48,768 [Worker-49] INFO  o.e.m.c.i.embedder.EclipseLogger - Copying 1 resource
2014-06-24 19:36:48,770 [Worker-49] WARN  o.e.m.c.i.embedder.EclipseLogger - Using platform encoding (US-ASCII actually) to copy filtered resources, i.e. build is platform dependent!
2014-06-24 19:36:48,770 [Worker-49] INFO  o.e.m.c.i.embedder.EclipseLogger - Copying 0 resource
2014-06-24 19:38:49,867 [Worker-50] WARN  o.e.m.c.i.embedder.EclipseLogger - Using platform encoding (US-ASCII actually) to copy filtered resources, i.e. build is platform dependent!
2014-06-24 19:38:49,869 [Worker-50] INFO  o.e.m.c.i.embedder.EclipseLogger - Copying 1 resource
2014-06-24 19:38:49,872 [Worker-50] WARN  o.e.m.c.i.embedder.EclipseLogger - Using platform encoding (US-ASCII actually) to copy filtered resources, i.e. build is platform dependent!
2014-06-24 19:38:49,874 [Worker-50] INFO  o.e.m.c.i.embedder.EclipseLogger - Copying 0 resource
2014-06-24 19:39:00,459 [Worker-48] WARN  o.e.m.c.i.embedder.EclipseLogger - Using platform encoding (US-ASCII actually) to copy filtered resources, i.e. build is platform dependent!
2014-06-24 19:39:00,461 [Worker-48] INFO  o.e.m.c.i.embedder.EclipseLogger - Copying 1 resource
2014-06-24 19:39:00,463 [Worker-48] WARN  o.e.m.c.i.embedder.EclipseLogger - Using platform encoding (US-ASCII actually) to copy filtered resources, i.e. build is platform dependent!
2014-06-24 19:39:00,466 [Worker-48] INFO  o.e.m.c.i.embedder.EclipseLogger - Copying 0 resource
2014-06-24 19:41:56,617 [Worker-54] WARN  o.e.m.c.i.embedder.EclipseLogger - Using platform encoding (US-ASCII actually) to copy filtered resources, i.e. build is platform dependent!
2014-06-24 19:41:56,617 [Worker-54] INFO  o.e.m.c.i.embedder.EclipseLogger - Copying 0 resource
2014-06-24 19:41:56,619 [Worker-54] WARN  o.e.m.c.i.embedder.EclipseLogger - Using platform encoding (US-ASCII actually) to copy filtered resources, i.e. build is platform dependent!
2014-06-24 19:41:56,620 [Worker-54] INFO  o.e.m.c.i.embedder.EclipseLogger - Copying 0 resource
2014-06-24 19:42:17,158 [Worker-42] WARN  o.e.m.c.i.embedder.EclipseLogger - Using platform encoding (US-ASCII actually) to copy filtered resources, i.e. build is platform dependent!
2014-06-24 19:42:17,159 [Worker-42] INFO  o.e.m.c.i.embedder.EclipseLogger - Copying 0 resource
2014-06-24 19:42:17,161 [Worker-42] WARN  o.e.m.c.i.embedder.EclipseLogger - Using platform encoding (US-ASCII actually) to copy filtered resources, i.e. build is platform dependent!
2014-06-24 19:42:17,161 [Worker-42] INFO  o.e.m.c.i.embedder.EclipseLogger - Copying 0 resource
2014-06-24 19:42:22,051 [Worker-47] WARN  o.e.m.c.i.embedder.EclipseLogger - Using platform encoding (US-ASCII actually) to copy filtered resources, i.e. build is platform dependent!
2014-06-24 19:42:22,051 [Worker-47] INFO  o.e.m.c.i.embedder.EclipseLogger - Copying 0 resource
2014-06-24 19:42:22,053 [Worker-47] WARN  o.e.m.c.i.embedder.EclipseLogger - Using platform encoding (US-ASCII actually) to copy filtered resources, i.e. build is platform dependent!
2014-06-24 19:42:22,053 [Worker-47] INFO  o.e.m.c.i.embedder.EclipseLogger - Copying 0 resource
2014-06-24 19:42:28,173 [Worker-42] WARN  o.e.m.c.i.embedder.EclipseLogger - Using platform encoding (US-ASCII actually) to copy filtered resources, i.e. build is platform dependent!
2014-06-24 19:42:28,174 [Worker-42] INFO  o.e.m.c.i.embedder.EclipseLogger - Copying 0 resource
2014-06-24 19:42:28,176 [Worker-42] WARN  o.e.m.c.i.embedder.EclipseLogger - Using platform encoding (US-ASCII actually) to copy filtered resources, i.e. build is platform dependent!
2014-06-24 19:42:28,176 [Worker-42] INFO  o.e.m.c.i.embedder.EclipseLogger - Copying 0 resource
2014-06-24 19:42:50,809 [Worker-42] WARN  o.e.m.c.i.embedder.EclipseLogger - Using platform encoding (US-ASCII actually) to copy filtered resources, i.e. build is platform dependent!
2014-06-24 19:42:50,811 [Worker-42] INFO  o.e.m.c.i.embedder.EclipseLogger - Copying 0 resource
2014-06-24 19:42:50,814 [Worker-42] WARN  o.e.m.c.i.embedder.EclipseLogger - Using platform encoding (US-ASCII actually) to copy filtered resources, i.e. build is platform dependent!
2014-06-24 19:42:50,814 [Worker-42] INFO  o.e.m.c.i.embedder.EclipseLogger - Copying 0 resource
2014-06-24 19:43:06,822 [Worker-52] WARN  o.e.m.c.i.embedder.EclipseLogger - Using platform encoding (US-ASCII actually) to copy filtered resources, i.e. build is platform dependent!
2014-06-24 19:43:06,823 [Worker-52] INFO  o.e.m.c.i.embedder.EclipseLogger - Copying 0 resource
2014-06-24 19:43:06,825 [Worker-52] WARN  o.e.m.c.i.embedder.EclipseLogger - Using platform encoding (US-ASCII actually) to copy filtered resources, i.e. build is platform dependent!
2014-06-24 19:43:06,825 [Worker-52] INFO  o.e.m.c.i.embedder.EclipseLogger - Copying 0 resource
2014-06-24 19:45:40,968 [Worker-42] WARN  o.e.m.c.i.embedder.EclipseLogger - Using platform encoding (US-ASCII actually) to copy filtered resources, i.e. build is platform dependent!
2014-06-24 19:45:40,968 [Worker-42] INFO  o.e.m.c.i.embedder.EclipseLogger - Copying 0 resource
2014-06-24 19:45:40,972 [Worker-42] WARN  o.e.m.c.i.embedder.EclipseLogger - Using platform encoding (US-ASCII actually) to copy filtered resources, i.e. build is platform dependent!
2014-06-24 19:45:40,973 [Worker-42] INFO  o.e.m.c.i.embedder.EclipseLogger - Copying 0 resource
2014-06-24 19:47:16,152 [Worker-47] WARN  o.e.m.c.i.embedder.EclipseLogger - Using platform encoding (US-ASCII actually) to copy filtered resources, i.e. build is platform dependent!
2014-06-24 19:47:16,153 [Worker-47] INFO  o.e.m.c.i.embedder.EclipseLogger - Copying 0 resource
2014-06-24 19:47:16,155 [Worker-47] WARN  o.e.m.c.i.embedder.EclipseLogger - Using platform encoding (US-ASCII actually) to copy filtered resources, i.e. build is platform dependent!
2014-06-24 19:47:16,157 [Worker-47] INFO  o.e.m.c.i.embedder.EclipseLogger - Copying 0 resource
2014-06-24 19:48:50,845 [Worker-58] WARN  o.e.m.c.i.embedder.EclipseLogger - Using platform encoding (US-ASCII actually) to copy filtered resources, i.e. build is platform dependent!
2014-06-24 19:48:50,846 [Worker-58] INFO  o.e.m.c.i.embedder.EclipseLogger - Copying 0 resource
2014-06-24 19:48:50,849 [Worker-58] WARN  o.e.m.c.i.embedder.EclipseLogger - Using platform encoding (US-ASCII actually) to copy filtered resources, i.e. build is platform dependent!
2014-06-24 19:48:50,850 [Worker-58] INFO  o.e.m.c.i.embedder.EclipseLogger - Copying 0 resource
2014-06-24 19:48:52,992 [Worker-59] WARN  o.e.m.c.i.embedder.EclipseLogger - Using platform encoding (US-ASCII actually) to copy filtered resources, i.e. build is platform dependent!
2014-06-24 19:48:52,994 [Worker-59] INFO  o.e.m.c.i.embedder.EclipseLogger - Copying 0 resource
2014-06-24 19:48:52,996 [Worker-59] WARN  o.e.m.c.i.embedder.EclipseLogger - Using platform encoding (US-ASCII actually) to copy filtered resources, i.e. build is platform dependent!
2014-06-24 19:48:53,032 [Worker-59] INFO  o.e.m.c.i.embedder.EclipseLogger - Copying 0 resource
2014-06-24 19:50:35,547 [Worker-59] WARN  o.e.m.c.i.embedder.EclipseLogger - Using platform encoding (US-ASCII actually) to copy filtered resources, i.e. build is platform dependent!
2014-06-24 19:50:35,549 [Worker-59] INFO  o.e.m.c.i.embedder.EclipseLogger - Copying 1 resource
2014-06-24 19:50:35,552 [Worker-59] WARN  o.e.m.c.i.embedder.EclipseLogger - Using platform encoding (US-ASCII actually) to copy filtered resources, i.e. build is platform dependent!
2014-06-24 19:50:35,555 [Worker-59] INFO  o.e.m.c.i.embedder.EclipseLogger - Copying 0 resource
2014-06-24 19:51:34,496 [Worker-58] WARN  o.e.m.c.i.embedder.EclipseLogger - Using platform encoding (US-ASCII actually) to copy filtered resources, i.e. build is platform dependent!
2014-06-24 19:51:34,498 [Worker-58] INFO  o.e.m.c.i.embedder.EclipseLogger - Copying 1 resource
2014-06-24 19:51:34,500 [Worker-58] WARN  o.e.m.c.i.embedder.EclipseLogger - Using platform encoding (US-ASCII actually) to copy filtered resources, i.e. build is platform dependent!
2014-06-24 19:51:34,504 [Worker-58] INFO  o.e.m.c.i.embedder.EclipseLogger - Copying 0 resource
2014-06-24 19:51:55,372 [Worker-47] WARN  o.e.m.c.i.embedder.EclipseLogger - Using platform encoding (US-ASCII actually) to copy filtered resources, i.e. build is platform dependent!
2014-06-24 19:51:55,373 [Worker-47] INFO  o.e.m.c.i.embedder.EclipseLogger - Copying 0 resource
2014-06-24 19:51:55,376 [Worker-47] WARN  o.e.m.c.i.embedder.EclipseLogger - Using platform encoding (US-ASCII actually) to copy filtered resources, i.e. build is platform dependent!
2014-06-24 19:51:55,377 [Worker-47] INFO  o.e.m.c.i.embedder.EclipseLogger - Copying 0 resource
2014-06-24 19:52:07,972 [Worker-57] WARN  o.e.m.c.i.embedder.EclipseLogger - Using platform encoding (US-ASCII actually) to copy filtered resources, i.e. build is platform dependent!
2014-06-24 19:52:07,973 [Worker-57] INFO  o.e.m.c.i.embedder.EclipseLogger - Copying 0 resource
2014-06-24 19:52:07,974 [Worker-57] WARN  o.e.m.c.i.embedder.EclipseLogger - Using platform encoding (US-ASCII actually) to copy filtered resources, i.e. build is platform dependent!
2014-06-24 19:52:07,975 [Worker-57] INFO  o.e.m.c.i.embedder.EclipseLogger - Copying 0 resource
2014-06-24 19:52:15,628 [Worker-60] WARN  o.e.m.c.i.embedder.EclipseLogger - Using platform encoding (US-ASCII actually) to copy filtered resources, i.e. build is platform dependent!
2014-06-24 19:52:15,630 [Worker-60] INFO  o.e.m.c.i.embedder.EclipseLogger - Copying 0 resource
2014-06-24 19:52:15,632 [Worker-60] WARN  o.e.m.c.i.embedder.EclipseLogger - Using platform encoding (US-ASCII actually) to copy filtered resources, i.e. build is platform dependent!
2014-06-24 19:52:15,632 [Worker-60] INFO  o.e.m.c.i.embedder.EclipseLogger - Copying 0 resource
2014-06-24 19:55:24,816 [Worker-58] WARN  o.e.m.c.i.embedder.EclipseLogger - Using platform encoding (US-ASCII actually) to copy filtered resources, i.e. build is platform dependent!
2014-06-24 19:55:24,817 [Worker-58] INFO  o.e.m.c.i.embedder.EclipseLogger - Copying 1 resource
2014-06-24 19:55:24,818 [Worker-58] WARN  o.e.m.c.i.embedder.EclipseLogger - Using platform encoding (US-ASCII actually) to copy filtered resources, i.e. build is platform dependent!
2014-06-24 19:55:24,818 [Worker-58] INFO  o.e.m.c.i.embedder.EclipseLogger - Copying 0 resource
2014-06-24 19:56:23,621 [Worker-62] WARN  o.e.m.c.i.embedder.EclipseLogger - Using platform encoding (US-ASCII actually) to copy filtered resources, i.e. build is platform dependent!
2014-06-24 19:56:23,622 [Worker-62] INFO  o.e.m.c.i.embedder.EclipseLogger - Copying 1 resource
2014-06-24 19:56:23,623 [Worker-62] WARN  o.e.m.c.i.embedder.EclipseLogger - Using platform encoding (US-ASCII actually) to copy filtered resources, i.e. build is platform dependent!
2014-06-24 19:56:23,624 [Worker-62] INFO  o.e.m.c.i.embedder.EclipseLogger - Copying 0 resource
2014-06-24 19:57:05,305 [Worker-52] WARN  o.e.m.c.i.embedder.EclipseLogger - Using platform encoding (US-ASCII actually) to copy filtered resources, i.e. build is platform dependent!
2014-06-24 19:57:05,306 [Worker-52] INFO  o.e.m.c.i.embedder.EclipseLogger - Copying 1 resource
2014-06-24 19:57:05,307 [Worker-52] WARN  o.e.m.c.i.embedder.EclipseLogger - Using platform encoding (US-ASCII actually) to copy filtered resources, i.e. build is platform dependent!
2014-06-24 19:57:05,312 [Worker-52] INFO  o.e.m.c.i.embedder.EclipseLogger - Copying 0 resource
2014-06-24 20:13:24,850 [Worker-69] WARN  o.e.m.c.i.embedder.EclipseLogger - Using platform encoding (US-ASCII actually) to copy filtered resources, i.e. build is platform dependent!
2014-06-24 20:13:24,852 [Worker-69] INFO  o.e.m.c.i.embedder.EclipseLogger - Copying 1 resource
2014-06-24 20:13:24,854 [Worker-69] WARN  o.e.m.c.i.embedder.EclipseLogger - Using platform encoding (US-ASCII actually) to copy filtered resources, i.e. build is platform dependent!
2014-06-24 20:13:24,854 [Worker-69] INFO  o.e.m.c.i.embedder.EclipseLogger - Copying 0 resource
